<?xml version="1.0" encoding="UTF-8"?>
<testsuite xmlns:xsi="http://www.w3.org/2001/XMLSchema-instance" xsi:noNamespaceSchemaLocation="https://maven.apache.org/surefire/maven-surefire-plugin/xsd/surefire-test-report-3.0.xsd" version="3.0" name="com.qa.nal.SearchTests" time="351.434" tests="12" errors="0" skipped="0" failures="1">
  <properties>
[...]
</properties>
  <testcase name="navigateToLoginPage" classname="com.qa.nal.SearchTests" time="8.339">
    <system-out><![CDATA[00:34:08.741 [main] INFO  i.q.commons.reporters.CoreReporter - Starting test run
00:34:10.388 [main] INFO  i.q.c.reporters.TestopsReporter - Test run 50 started
00:34:22.007 [main] INFO  io.qase.api.QaseClient - Qase project code - INTSEARCH
00:34:22.007 [main] INFO  io.qase.api.QaseClient - Required parameters 'QASE_RUN_ID' or 'QASE_RUN_NAME' aren't specified
00:34:30.337 [main] INFO  com.qa.nal.SearchTests - Navigating to login page: https://n7crane1-dev.neuron7.ai
00:34:30.346 [main] INFO  i.q.commons.reporters.CoreReporter - Adding result: {"id":"ac6e6580-9444-49fd-a219-e3af6ae1fef9","title":"Navigate to Login","signature":"com:qa:nal::searchtests.java::searchtests::navigatetologinpage::1","testopsId":1,"execution":{"startTime":1751137462033,"status":"PASSED","endTime":1751137470346,"duration":8313},"fields":{},"attachments":[],"steps":[],"params":{},"paramGroups":[],"relations":{"suite":{"data":[{"title":"com.qa.nal.SearchTests","publicId":0}]}},"muted":false,"ignore":false}
]]></system-out>
  </testcase>
  <testcase name="performLogin" classname="com.qa.nal.SearchTests" time="1.519">
    <system-out><![CDATA[00:34:30.514 [main] INFO  com.qa.nal.SearchTests - Username field clicked
00:34:30.607 [main] INFO  com.qa.nal.SearchTests - Username field filled
00:34:30.715 [main] INFO  com.qa.nal.SearchTests - Password field clicked
00:34:30.778 [main] INFO  com.qa.nal.SearchTests - Password field filled
00:34:30.890 [main] INFO  com.qa.nal.SearchTests - Login button clicked
00:34:31.866 [main] INFO  com.qa.nal.SearchTests - Login successful, navigated to home page
00:34:31.868 [main] INFO  i.q.commons.reporters.CoreReporter - Adding result: {"id":"415d1a3c-9a5a-4b58-a4d7-8162379cac80","title":"Perform Login","signature":"com:qa:nal::searchtests.java::searchtests::performlogin::2","testopsId":2,"execution":{"startTime":1751137470353,"status":"PASSED","endTime":1751137471868,"duration":1515},"fields":{},"attachments":[],"steps":[],"params":{},"paramGroups":[],"relations":{"suite":{"data":[{"title":"com.qa.nal.SearchTests","publicId":0}]}},"muted":false,"ignore":false}
]]></system-out>
  </testcase>
  <testcase name="handleInitialPopup" classname="com.qa.nal.SearchTests" time="0.068">
    <system-out><![CDATA[00:34:31.900 [main] INFO  i.q.commons.reporters.CoreReporter - Adding result: {"id":"f3bcccdb-70ff-4407-b02f-461825f8ec9a","title":"Handle Pop-Up","signature":"com:qa:nal::searchtests.java::searchtests::handleinitialpopup::3","testopsId":3,"execution":{"startTime":1751137471875,"status":"PASSED","endTime":1751137471900,"duration":25},"fields":{},"attachments":[],"steps":[],"params":{},"paramGroups":[],"relations":{"suite":{"data":[{"title":"com.qa.nal.SearchTests","publicId":0}]}},"muted":false,"ignore":false}
]]></system-out>
  </testcase>
  <testcase name="navigateToIntelligentSearch" classname="com.qa.nal.SearchTests" time="3.972">
    <system-out><![CDATA[00:34:35.909 [main] INFO  com.qa.nal.SearchTests - Intelligent Search Card Clicked!
00:34:35.910 [main] INFO  com.qa.nal.SearchTests - Intelligent Search successfully Opened!
00:34:35.911 [main] INFO  i.q.commons.reporters.CoreReporter - Adding result: {"id":"d799a05a-ec4c-442f-811f-8812ff6dd469","title":"Navigate to Intelligent Search","signature":"com:qa:nal::searchtests.java::searchtests::navigatetointelligentsearch::4","testopsId":4,"execution":{"startTime":1751137471943,"status":"PASSED","endTime":1751137475911,"duration":3968},"fields":{},"attachments":[],"steps":[],"params":{},"paramGroups":[],"relations":{"suite":{"data":[{"title":"com.qa.nal.SearchTests","publicId":0}]}},"muted":false,"ignore":false}
]]></system-out>
  </testcase>
  <testcase name="testSearchQueries" classname="com.qa.nal.SearchTests" time="263.055">
    <system-out><![CDATA[Queries loaded from Excel: [hoist, server cover, emission, recycling]
00:34:38.233 [main] INFO  com.qa.nal.SearchTests - Search Field Filled with: hoist
00:34:40.354 [main] INFO  com.qa.nal.SearchTests - Search button Clicked!
00:34:40.885 [main] INFO  com.qa.nal.SearchTests - Solutions found for Copy Link
00:34:41.109 [main] INFO  com.qa.nal.SearchTests - Solutions found
00:34:41.117 [main] INFO  com.qa.nal.SearchTests - Solution List size: 20
00:34:41.124 [main] INFO  com.qa.nal.SearchTests - series 635 operation  service & parts manual | cm_lodestar_635_man.pd.pdf
00:34:41.129 [main] INFO  com.qa.nal.SearchTests - \n(tons)'}, {'table 2-1 hoist specifications': '½'}, {'table 2-1 hoist specifications': '1'}, {'tabl... | 4buqg0eb39_cf4_owners_manual.pdf
00:34:41.134 [main] INFO  com.qa.nal.SearchTests - series 635 motor drive trolley operating maintenance & parts manual | 635_man.pdf
00:34:41.140 [main] INFO  com.qa.nal.SearchTests - owner’s manual | ry_7.5_10t_owners_manual.pdf
00:34:41.143 [main] INFO  com.qa.nal.SearchTests - \n(tons)'}, {'table 2-2 trolley hoist dimensions': '1/4'}, {'table 2-2 trolley hoist dimensions': '1... | 93_mcr_owners_manual.pdf
00:34:41.147 [main] INFO  com.qa.nal.SearchTests - electric chain hoist er and ner series owner’s manual | microsoft_word_-_erownermanual_rev_18-english.pdf
00:34:41.152 [main] INFO  com.qa.nal.SearchTests - caution .improper operation of a hoist can create a potentially hazardous .situation which, if not a... | 06_er-ner_owners_manual.pdf
00:34:41.156 [main] INFO  com.qa.nal.SearchTests - 78_mr2q_owners_manual 78 mr2q owners manual 4.0

operation

4.1

introduction


do not walk un... | 78_mr2q_owners_manual.pdf
00:34:41.160 [main] INFO  com.qa.nal.SearchTests - [{'table 2-2  hoist dimensions': 'er100l \ner080s'}, {'table 2-2  hoist dimensions': ''}, {'table 2-... | 08_er-ner_owners_manual_supplement_-_8-20t_6.2hp.pdf
00:34:41.164 [main] INFO  com.qa.nal.SearchTests - 4.0 operation .4.1 .introduction . .do not walk under a suspended load . .hoist operato... | 60_edv_owners_manual.pdf
00:34:41.169 [main] INFO  com.qa.nal.SearchTests - [{'table 5-3  hoist inspection methods and criteria': 'item'}, {'table 5-3  hoist inspection methods... | 58_ed3_owners_manual.pdf
00:34:41.171 [main] INFO  com.qa.nal.SearchTests - [{'table 2-1 hoist specifications': 'capacity \n(ton)'}, {'table 2-1 hoist specifications': ''}, {'t... | 22a_er2_owners_manual.pdf
00:34:41.174 [main] INFO  com.qa.nal.SearchTests - [{'table 2-2 hoist dimensions': 'capacity \n(tons)'}, {'table 2-2 hoist dimensions': ''}, {'table 2-... | 76_eq_owners_manual.pdf
00:34:41.176 [main] INFO  com.qa.nal.SearchTests - [{'table 2-2 hoist dimensions': 'capacity \n(tons)'}, {'table 2-2 hoist dimensions': ''}, {'table 2-... | 77_seq_owners_manual.pdf
00:34:41.179 [main] INFO  com.qa.nal.SearchTests - operating, maintenance & parts manual electric chain hoist | cm_classic_lodestar_manual_september_2016_industrial_83874_627-t_en.pdf
00:34:41.184 [main] INFO  com.qa.nal.SearchTests - accolift vfd programming | lab_1_-_accolift_vfd_programing_-_clh__loadbrake_2023-09_revised.pdf
00:34:41.187 [main] INFO  com.qa.nal.SearchTests - electric wire rope hoist | ry_catalog.pdf
00:34:41.189 [main] INFO  com.qa.nal.SearchTests - 95_tcs_owners_manual 95 tcs owners manual table 8-1 troubleshooting guide (continued)
symptom
hoist ... | 95_tcs_owners_manual.pdf
00:34:41.192 [main] INFO  com.qa.nal.SearchTests - hoist operating and maintenance manual | general_service_bulletin__cone_drive_ss.pdf
00:34:41.196 [main] INFO  com.qa.nal.SearchTests - hoist operating and maintenance manual | electrolift-hoist-operating-and-service-manual.pdf
00:34:41.200 [main] INFO  com.qa.nal.SearchTests - Index: 14
00:34:41.200 [main] INFO  com.qa.nal.SearchTests - Text: operating, maintenance & parts manual electric chain hoist | cm_classic_lodestar_manual_september_2016_industrial_83874_627-t_en.pdf
00:35:00.184 [main] INFO  com.qa.nal.SearchTests - No additional results found.
00:35:06.653 [main] INFO  com.qa.nal.SearchTests - Index: 3
00:35:06.653 [main] INFO  com.qa.nal.SearchTests - Text: owner’s manual | ry_7.5_10t_owners_manual.pdf
00:35:28.569 [main] INFO  com.qa.nal.SearchTests - No additional results found.
00:35:32.918 [main] INFO  com.qa.nal.SearchTests - Search Field Filled with: server cover
00:35:35.040 [main] INFO  com.qa.nal.SearchTests - Search button Clicked!
00:35:50.310 [main] INFO  com.qa.nal.SearchTests - Solutions found for Copy Link
00:35:50.424 [main] INFO  com.qa.nal.SearchTests - Solutions found
00:35:50.428 [main] INFO  com.qa.nal.SearchTests - Solution List size: 20
00:35:50.432 [main] INFO  com.qa.nal.SearchTests -  656 - rev aa operating maintenance & parts manual | cm_hurricane_360_manual_656_-_rev_aa_july_2015.pdf
00:35:50.434 [main] INFO  com.qa.nal.SearchTests - unscrew the lock nut and set screw from the left cover (item: 232, 230). | 90_edoc_0103_rev01_tcr1000_0_tcr_2000-2_repair_manual.pdf
00:35:50.439 [main] INFO  com.qa.nal.SearchTests - 
english
original instructions

 | rm_sx_service_manual_112014_vn7.pdf
00:35:50.443 [main] INFO  com.qa.nal.SearchTests - ': '', 'part name': 'motor cover assembly', 'parts \nper \ntrolley': '1', '1 ton \n2 ton \n3 ton \n5... | 5i1xxoi9km_mr2_owners_manual.pdf
00:35:50.446 [main] INFO  com.qa.nal.SearchTests - 03_electrical_theory_and_troubleshooting_rev07-butler 03 electrical theory and troubleshooting rev07... | 03_electrical_theory_and_troubleshooting_rev07-butler.pdf
00:35:50.449 [main] INFO  com.qa.nal.SearchTests - [{'caution': '(cid:129)\nwhen opening the controller cover, support it with your hand and open it sl... | 27_er2_disassy_and_reassy_manual.pdf
00:35:50.453 [main] INFO  com.qa.nal.SearchTests -  192048547 rev aa operating maintenance & parts manual | cm_hurricane_360_manual_2018_jan_192048547_rev_aa.pdf
00:35:50.459 [main] INFO  com.qa.nal.SearchTests - disassembly and reassembly manua | kito_hoist.pdf
00:35:50.461 [main] INFO  com.qa.nal.SearchTests - operation  service & parts manual | budgit_man-guard_-_2010.pdf
00:35:50.464 [main] INFO  com.qa.nal.SearchTests - ': '', 'part name': 'motor cover assembly', 'parts \nper \ntrolley': '1', '1 ton \n2 ton \n3 ton \n5... | 78_mr2q_owners_manual.pdf
00:35:50.468 [main] INFO  com.qa.nal.SearchTests - yale kelc parts list operation & service manual | yale_kelc_-_117404-21-dec2006.pdf
00:35:50.473 [main] INFO  com.qa.nal.SearchTests - lodestarxl operating maintenance & parts manual | lodestarxl_man.pdf
00:35:50.477 [main] INFO  com.qa.nal.SearchTests - yale kalc parts list operation & service manual | yale_kalc_117404-23-dec2006.pdf
00:35:50.480 [main] INFO  com.qa.nal.SearchTests - clx-slx electric chain hoist training manual | clx-slx_training_rev_2016-3.pdf
00:35:50.484 [main] INFO  com.qa.nal.SearchTests - operating, maintenance & parts manual electric chain hoist | lodestarxl_man.pdf
00:35:50.488 [main] INFO  com.qa.nal.SearchTests - operating, maintenance & parts manual electric chain hoist | cm_classic_lodestar_manual_september_2016_industrial_83874_627-t_en.pdf
00:35:50.493 [main] INFO  com.qa.nal.SearchTests - lodestar627e entertainment operating maintenance & parts manual | lodestar627e_entertainment.pdf
00:35:50.496 [main] INFO  com.qa.nal.SearchTests - lodestar xl - 652 operating maintenance & parts manual | lodestar_xl_-_652.pdf
00:35:50.499 [main] INFO  com.qa.nal.SearchTests - operation, service & parts manual | 700seriesthru25ton_man.pdf
00:35:50.503 [main] INFO  com.qa.nal.SearchTests - 
english
original instructions

 | rm_sx_service_manual_112014.pdf
00:35:50.508 [main] INFO  com.qa.nal.SearchTests - Index: 1
00:35:50.508 [main] INFO  com.qa.nal.SearchTests - Text: unscrew the lock nut and set screw from the left cover (item: 232, 230). | 90_edoc_0103_rev01_tcr1000_0_tcr_2000-2_repair_manual.pdf
00:36:10.222 [main] INFO  com.qa.nal.SearchTests - No additional results found.
00:36:16.712 [main] INFO  com.qa.nal.SearchTests - Index: 12
00:36:16.712 [main] INFO  com.qa.nal.SearchTests - Text: yale kalc parts list operation & service manual | yale_kalc_117404-23-dec2006.pdf
00:36:38.154 [main] INFO  com.qa.nal.SearchTests - No additional results found.
00:36:42.450 [main] INFO  com.qa.nal.SearchTests - Search Field Filled with: emission
00:36:44.588 [main] INFO  com.qa.nal.SearchTests - Search button Clicked!
00:36:54.715 [main] INFO  com.qa.nal.SearchTests - Solutions found for Copy Link
00:36:54.853 [main] INFO  com.qa.nal.SearchTests - Solutions found
00:36:54.858 [main] INFO  com.qa.nal.SearchTests - Solution List size: 15
00:36:54.861 [main] INFO  com.qa.nal.SearchTests - service manual for frequency control system | kone_controlmaster_ldr_service_manual__159852-2.pdf
00:36:54.870 [main] INFO  com.qa.nal.SearchTests - technical guide r5-hoist | s-series_technical_guide.pdf
00:36:54.874 [main] INFO  com.qa.nal.SearchTests - lm10 stepless installation and maintenance manual lm chain hoist  | rm_lm10_stepless_im_manual-2010-0_0.pdf
00:36:54.883 [main] INFO  com.qa.nal.SearchTests - service manual | konecranes_pro3v120_service_manual.pdf
00:36:54.888 [main] INFO  com.qa.nal.SearchTests - operating instructions | demag_ekdr_3-5-10_operating_instructions.pdf
00:36:54.891 [main] INFO  com.qa.nal.SearchTests - operating instructions/accessories/component parts | demag_dc-com1_-_10_manual.pdf
00:36:54.893 [main] INFO  com.qa.nal.SearchTests - operating instructions / accessories / component parts | dcpro_manual.pdf
00:36:54.897 [main] INFO  com.qa.nal.SearchTests - dmcs007 upgrade kit: std  | rm_cmxc007_upgrade_kit_manual_0.pdf
00:36:54.903 [main] INFO  com.qa.nal.SearchTests - service manual for frequency control system | controlmaster_plus_service_manual_004496-8.pdf
00:36:54.905 [main] INFO  com.qa.nal.SearchTests - drivecon xt service manual | drivecon_xt_manual_ind2v101_9-11-08.pdf
00:36:54.907 [main] INFO  com.qa.nal.SearchTests - service manual for hoist control device | hoistmonitor_003060-4.pdf
00:36:54.910 [main] INFO  com.qa.nal.SearchTests - operating instructions / accessories / component parts | dc_pro16-__25_operating_instr-parts_manual.pdf
00:36:54.913 [main] INFO  com.qa.nal.SearchTests - yale yk series electric wr operating & maintenance instructions with parts list | yale_yk_series_electric_wr_operation_manual_2018_april_a11867501_rev_aa.pdf
00:36:54.921 [main] INFO  com.qa.nal.SearchTests - industrial lifting magnet control manual | magnetek_mag_controller.pdf
00:36:54.924 [main] INFO  com.qa.nal.SearchTests - emh installation, operation and maintenance manual | em_wire_rope_hoist_type_e_rev_c1_052010_test_v_100110.pdf
00:36:54.926 [main] INFO  com.qa.nal.SearchTests - Index: 9
00:36:54.926 [main] INFO  com.qa.nal.SearchTests - Text: drivecon xt service manual | drivecon_xt_manual_ind2v101_9-11-08.pdf
00:37:15.523 [main] INFO  com.qa.nal.SearchTests - No additional results found.
00:37:21.987 [main] INFO  com.qa.nal.SearchTests - Index: 9
00:37:21.987 [main] INFO  com.qa.nal.SearchTests - Text: drivecon xt service manual | drivecon_xt_manual_ind2v101_9-11-08.pdf
00:37:46.064 [main] INFO  com.qa.nal.SearchTests - No additional results found.
00:37:50.386 [main] INFO  com.qa.nal.SearchTests - Search Field Filled with: recycling
00:37:52.524 [main] INFO  com.qa.nal.SearchTests - Search button Clicked!
00:38:10.334 [main] INFO  com.qa.nal.SearchTests - Solutions found for Copy Link
00:38:10.458 [main] INFO  com.qa.nal.SearchTests - Solutions found
00:38:10.460 [main] INFO  com.qa.nal.SearchTests - Solution List size: 17
00:38:10.465 [main] INFO  com.qa.nal.SearchTests - operating and maintenance instructions | lr10_trolley_maintenance_manual.pdf
00:38:10.469 [main] INFO  com.qa.nal.SearchTests - emh installation, operation and maintenance manual | em_wire_rope_hoist_type_e_rev_c1_052010_test_v_100110.pdf
00:38:10.472 [main] INFO  com.qa.nal.SearchTests - 
english
original instructions

 | rm_sx_service_manual_112014.pdf
00:38:10.475 [main] INFO  com.qa.nal.SearchTests - operating instructions | demag_ekdr_3-5-10_operating_instructions.pdf
00:38:10.478 [main] INFO  com.qa.nal.SearchTests - owner's manual for chain hoist | rm_lk_chain_hoist_owners_manual_0.pdf
00:38:10.480 [main] INFO  com.qa.nal.SearchTests - 
english
original instructions

 | rm_sx_service_manual_112014_vn7.pdf
00:38:10.486 [main] INFO  com.qa.nal.SearchTests - operating instructions/accessories/component parts | demag_dc-com1_-_10_manual.pdf
00:38:10.489 [main] INFO  com.qa.nal.SearchTests - operating instructions / accessories / component parts | dcpro_manual.pdf
00:38:10.492 [main] INFO  com.qa.nal.SearchTests - yale yk series electric wr operating & maintenance instructions with parts list | yale_yk_series_electric_wr_operation_manual_2018_april_a11867501_rev_aa.pdf
00:38:10.495 [main] INFO  com.qa.nal.SearchTests - 80_eq-seq-mr2q_vfd_manual 80 eq seq mr2q vfd manual global website : kito.com

大豆油インキで印刷しています。

util... | 80_eq-seq-mr2q_vfd_manual.pdf
00:38:10.498 [main] INFO  com.qa.nal.SearchTests - dmcs007 upgrade kit: std  | rm_cmxc007_upgrade_kit_manual_0.pdf
00:38:10.502 [main] INFO  com.qa.nal.SearchTests - yale yk series travel drive operating & maintenance instructions with parts list | yale_yk_series_travel_drive_operation_manual_2018_september_a11867601_rev_ab.pdf
00:38:10.505 [main] INFO  com.qa.nal.SearchTests - shawbox sk series operating & maintenance instructions with parts list | shawbox_sk_series_travel_drive_operation_manual_2018_september_a11867601_rev_ab.pdf
00:38:10.507 [main] INFO  com.qa.nal.SearchTests - tmu upgrade kit  | rm_tmu_upgrade_kit_manual_1.pdf
00:38:10.511 [main] INFO  com.qa.nal.SearchTests - ba_fahrantr-sac-sf-sua_us_yale operating & maintenance instructions with parts list | ba_fahrantr-sac-sf-sua_us_yale_20180604.pdf
00:38:10.513 [main] INFO  com.qa.nal.SearchTests - operating instructions demag speedhoist d-sh | demag_speed_hoist_manual.pdf
00:38:10.525 [main] INFO  com.qa.nal.SearchTests - yale lodeking lt wr hoist operating & maintenance instructions with parts list | yale_lodeking_lt_wr_hoist_2016_june_11854801_rev_ab.pdf
00:38:10.528 [main] INFO  com.qa.nal.SearchTests - Index: 3
00:38:10.528 [main] INFO  com.qa.nal.SearchTests - Text: operating instructions | demag_ekdr_3-5-10_operating_instructions.pdf
00:38:29.282 [main] INFO  com.qa.nal.SearchTests - No additional results found.
00:38:35.728 [main] INFO  com.qa.nal.SearchTests - Index: 10
00:38:35.728 [main] INFO  com.qa.nal.SearchTests - Text: dmcs007 upgrade kit: std  | rm_cmxc007_upgrade_kit_manual_0.pdf
00:38:54.754 [main] INFO  com.qa.nal.SearchTests - No additional results found.
00:38:58.976 [main] INFO  i.q.commons.reporters.CoreReporter - Adding result: {"id":"b21d5348-a1d5-433c-861a-7795bfbe88df","title":"Search Query","signature":"com:qa:nal::searchtests.java::searchtests::testsearchqueries::5","testopsId":5,"execution":{"startTime":1751137475929,"status":"PASSED","endTime":1751137738976,"duration":263047},"fields":{},"attachments":[],"steps":[],"params":{},"paramGroups":[],"relations":{"suite":{"data":[{"title":"com.qa.nal.SearchTests","publicId":0}]}},"muted":false,"ignore":false}
]]></system-out>
    <system-err><![CDATA[ERROR StatusLogger Log4j2 could not find a logging implementation. Please add log4j-core to the classpath. Using SimpleLogger to log to the console...
]]></system-err>
  </testcase>
  <testcase name="searchCPFQuery" classname="com.qa.nal.SearchTests" time="18.988">
    <system-out><![CDATA[00:38:59.063 [main] INFO  com.qa.nal.SearchTests - Search Field Filled with: Circuit Pack Failed
00:39:01.181 [main] INFO  com.qa.nal.SearchTests - Search button Clicked!
00:39:01.184 [main] INFO  com.qa.nal.SearchTests - CPF found!
00:39:11.323 [main] INFO  com.qa.nal.SearchTests - Solutions found
00:39:11.334 [main] INFO  com.qa.nal.SearchTests - Solution List size: 15
00:39:11.339 [main] INFO  com.qa.nal.SearchTests - paddle controller operation & maintenance instructions | cattron_ez_manual.pdf
00:39:11.349 [main] INFO  com.qa.nal.SearchTests - instruction manual | magnetek_s4vg.pdf
00:39:11.354 [main] INFO  com.qa.nal.SearchTests - padde controller operation & maintenance instructions | paddle_controller_manual_rev_006.pdf
00:39:11.361 [main] INFO  com.qa.nal.SearchTests - ezm series portable remote control systems installation, operation & maintenance manual | ez_manual.pdf
00:39:11.367 [main] INFO  com.qa.nal.SearchTests - valustar operating maintenance & parts manual | valustar_man.pdf
00:39:11.372 [main] INFO  com.qa.nal.SearchTests - operating instructions demag dh 300, 400, 500, 600, 1000, 2000 hoist units | dh_hoist.pdf
00:39:11.381 [main] INFO  com.qa.nal.SearchTests - toggle controller operation & maintenance instructions | cattron_toggle.pdf
00:39:11.387 [main] INFO  com.qa.nal.SearchTests - 03_electrical_theory_and_troubleshooting_rev07-butler 03 electrical theory and troubleshooting rev07... | 03_electrical_theory_and_troubleshooting_rev07-butler.pdf
00:39:11.398 [main] INFO  com.qa.nal.SearchTests - [{'part name': 'electrolytic capacitor  \n(main circuit)', 'life guideline *': 'approx. 3000 hours',... | 80_eq-seq-mr2q_vfd_manual.pdf
00:39:11.404 [main] INFO  com.qa.nal.SearchTests - usage | er2_vfd_supplement.pdf
00:39:11.414 [main] INFO  com.qa.nal.SearchTests - at and ats 816 series portable remote control systems installation, operation & maintenance manual | cattron_816_ats_manual.pdf
00:39:11.431 [main] INFO  com.qa.nal.SearchTests - yale global king trolley - 113533-97b operating & maintenance instructions with parts list | yale_global_king_trolley_-_113533-97b.pdf
00:39:11.436 [main] INFO  com.qa.nal.SearchTests - operation and maintenance manual | 560u-561u_562n-563n.pdf
00:39:11.449 [main] INFO  com.qa.nal.SearchTests - owner’s manual | ry_7.5_10t_owners_manual.pdf
00:39:11.457 [main] INFO  com.qa.nal.SearchTests - owner's manual | 3_5t_owners_manual.pdf
00:39:17.965 [main] INFO  i.q.commons.reporters.CoreReporter - Adding result: {"id":"e878f9d1-6f2b-497d-aba1-d2f5151b458b","title":"Test Circuit Pack Failed","signature":"com:qa:nal::searchtests.java::searchtests::searchcpfquery::6","testopsId":6,"execution":{"startTime":1751137738980,"status":"PASSED","endTime":1751137757965,"duration":18985},"fields":{},"attachments":[],"steps":[],"params":{},"paramGroups":[],"relations":{"suite":{"data":[{"title":"com.qa.nal.SearchTests","publicId":0}]}},"muted":false,"ignore":false}
]]></system-out>
  </testcase>
  <testcase name="navigateToLogManangement" classname="com.qa.nal.SearchTests" time="3.437">
    <system-out><![CDATA[00:39:18.097 [main] INFO  com.qa.nal.SearchTests - Sidebar hovered
00:39:20.247 [main] INFO  com.qa.nal.SearchTests - Intelligent Search clicked
00:39:20.424 [main] INFO  com.qa.nal.SearchTests - Log Management Cicked
00:39:21.400 [main] INFO  com.qa.nal.SearchTests - Log Management page loaded successfully
00:39:21.402 [main] INFO  i.q.commons.reporters.CoreReporter - Adding result: {"id":"112e7867-cbed-4079-a31e-45ff30925824","title":"Navigate to Log Management","signature":"com:qa:nal::searchtests.java::searchtests::navigatetologmanangement::7","testopsId":7,"execution":{"startTime":1751137757969,"status":"PASSED","endTime":1751137761401,"duration":3432},"fields":{},"attachments":[],"steps":[],"params":{},"paramGroups":[],"relations":{"suite":{"data":[{"title":"com.qa.nal.SearchTests","publicId":0}]}},"muted":false,"ignore":false}
]]></system-out>
  </testcase>
  <testcase name="manageLogs" classname="com.qa.nal.SearchTests" time="4.403">
    <system-out><![CDATA[00:39:23.579 [main] INFO  com.qa.nal.SearchTests - Clicked edit icon.
00:39:23.688 [main] INFO  com.qa.nal.SearchTests - Create New KB checked.
00:39:25.807 [main] INFO  com.qa.nal.SearchTests - Save clicked.
00:39:25.807 [main] INFO  i.q.commons.reporters.CoreReporter - Adding result: {"id":"7ad6020c-0c41-4673-86c3-758712dbec95","title":"Create New KB","signature":"com:qa:nal::searchtests.java::searchtests::managelogs::8","testopsId":8,"execution":{"startTime":1751137761407,"status":"PASSED","endTime":1751137765807,"duration":4400},"fields":{},"attachments":[],"steps":[],"params":{},"paramGroups":[],"relations":{"suite":{"data":[{"title":"com.qa.nal.SearchTests","publicId":0}]}},"muted":false,"ignore":false}
]]></system-out>
  </testcase>
  <testcase name="navigateSelfServiceIntelligentSearch" classname="com.qa.nal.SearchTests" time="5.209">
    <system-out><![CDATA[00:39:25.931 [main] INFO  com.qa.nal.SearchTests - Sidebar hovered
00:39:28.067 [main] INFO  com.qa.nal.SearchTests - Self Service Intelligent Search Clicked
00:39:29.010 [main] INFO  com.qa.nal.SearchTests - Self Service Intelligent Search page loaded successfully
00:39:31.015 [main] INFO  i.q.commons.reporters.CoreReporter - Adding result: {"id":"3f5853a8-aab5-449b-b7cc-19ecca6205af","title":"Navigate to Self Service Intelligent Search","signature":"com:qa:nal::searchtests.java::searchtests::navigateselfserviceintelligentsearch::9","testopsId":9,"execution":{"startTime":1751137765810,"status":"PASSED","endTime":1751137771015,"duration":5205},"fields":{},"attachments":[],"steps":[],"params":{},"paramGroups":[],"relations":{"suite":{"data":[{"title":"com.qa.nal.SearchTests","publicId":0}]}},"muted":false,"ignore":false}
]]></system-out>
  </testcase>
  <testcase name="testUploadFile" classname="com.qa.nal.SearchTests" time="2.797">
    <failure type="org.opentest4j.AssertionFailedError"><![CDATA[org.opentest4j.AssertionFailedError: 
Upload failed: Error {
  message='Error: Element is not an <input>, <textarea> or [contenteditable] element
  name='Error
  stack='Error: Error: Element is not an <input>, <textarea> or [contenteditable] element
    at CRExecutionContext.evaluateWithArguments (C:\Users\abhay\AppData\Local\Temp\playwright-java-2514938591664396382\package\lib\server\chromium\crExecutionContext.js:79:13)
    at async LongStandingScope._race (C:\Users\abhay\AppData\Local\Temp\playwright-java-2514938591664396382\package\lib\utils\isomorphic\manualPromise.js:95:14)
    at async evaluateExpression (C:\Users\abhay\AppData\Local\Temp\playwright-java-2514938591664396382\package\lib\server\javascript.js:223:12)
    at async ElementHandle.evaluateInUtility (C:\Users\abhay\AppData\Local\Temp\playwright-java-2514938591664396382\package\lib\server\dom.js:126:14)
    at async C:\Users\abhay\AppData\Local\Temp\playwright-java-2514938591664396382\package\lib\server\dom.js:534:22
    at async ElementHandle._retryAction (C:\Users\abhay\AppData\Local\Temp\playwright-java-2514938591664396382\package\lib\server\dom.js:287:22)
    at async ElementHandle._fill (C:\Users\abhay\AppData\Local\Temp\playwright-java-2514938591664396382\package\lib\server\dom.js:530:12)
    at async C:\Users\abhay\AppData\Local\Temp\playwright-java-2514938591664396382\package\lib\server\frames.js:972:25
    at async Frame.retryWithProgressAndTimeouts (C:\Users\abhay\AppData\Local\Temp\playwright-java-2514938591664396382\package\lib\server\frames.js:916:24)
    at async C:\Users\abhay\AppData\Local\Temp\playwright-java-2514938591664396382\package\lib\server\frames.js:1039:29
}
Call log:
-   - waiting for getByRole(AriaRole.COMBOBOX)
-     - locator resolved to <div role="combobox" class="ng-input" aria-expanded="true" aria-haspopup="listbox" aria-owns="a2705289d897">…</div>
-     - fill("alinity")
-   - attempting fill action
-     - waiting for element to be visible, enabled and editable

	at com.qa.nal.SearchTests.testUploadFile(SearchTests.java:622)
]]></failure>
    <system-out><![CDATA[00:39:31.123 [main] INFO  com.qa.nal.SearchTests - File input hovered
00:39:33.457 [main] ERROR com.qa.nal.SearchTests - File upload failed: Error {
  message='Error: Element is not an <input>, <textarea> or [contenteditable] element
  name='Error
  stack='Error: Error: Element is not an <input>, <textarea> or [contenteditable] element
    at CRExecutionContext.evaluateWithArguments (C:\Users\abhay\AppData\Local\Temp\playwright-java-2514938591664396382\package\lib\server\chromium\crExecutionContext.js:79:13)
    at async LongStandingScope._race (C:\Users\abhay\AppData\Local\Temp\playwright-java-2514938591664396382\package\lib\utils\isomorphic\manualPromise.js:95:14)
    at async evaluateExpression (C:\Users\abhay\AppData\Local\Temp\playwright-java-2514938591664396382\package\lib\server\javascript.js:223:12)
    at async ElementHandle.evaluateInUtility (C:\Users\abhay\AppData\Local\Temp\playwright-java-2514938591664396382\package\lib\server\dom.js:126:14)
    at async C:\Users\abhay\AppData\Local\Temp\playwright-java-2514938591664396382\package\lib\server\dom.js:534:22
    at async ElementHandle._retryAction (C:\Users\abhay\AppData\Local\Temp\playwright-java-2514938591664396382\package\lib\server\dom.js:287:22)
    at async ElementHandle._fill (C:\Users\abhay\AppData\Local\Temp\playwright-java-2514938591664396382\package\lib\server\dom.js:530:12)
    at async C:\Users\abhay\AppData\Local\Temp\playwright-java-2514938591664396382\package\lib\server\frames.js:972:25
    at async Frame.retryWithProgressAndTimeouts (C:\Users\abhay\AppData\Local\Temp\playwright-java-2514938591664396382\package\lib\server\frames.js:916:24)
    at async C:\Users\abhay\AppData\Local\Temp\playwright-java-2514938591664396382\package\lib\server\frames.js:1039:29
}
Call log:
-   - waiting for getByRole(AriaRole.COMBOBOX)
-     - locator resolved to <div role="combobox" class="ng-input" aria-expanded="true" aria-haspopup="listbox" aria-owns="a2705289d897">…</div>
-     - fill("alinity")
-   - attempting fill action
-     - waiting for element to be visible, enabled and editable

Saved failure screenshot: C:\IntelligentSearchProject\search\screenshots\testUploadFile().png
00:39:33.809 [main] INFO  i.q.commons.reporters.CoreReporter - Adding result: {"id":"f0d49a36-8944-43f3-9647-7e80624c569e","title":"Uploaded File","signature":"com:qa:nal::searchtests.java::searchtests::testuploadfile::10","testopsId":10,"execution":{"startTime":1751137771020,"status":"FAILED","endTime":1751137773809,"duration":2789,"stacktrace":"org.opentest4j.AssertionFailedError: Upload failed: Error {\n  message\u003d\u0027Error: Element is not an \u003cinput\u003e, \u003ctextarea\u003e or [contenteditable] element\n  name\u003d\u0027Error\n  stack\u003d\u0027Error: Error: Element is not an \u003cinput\u003e, \u003ctextarea\u003e or [contenteditable] element\n    at CRExecutionContext.evaluateWithArguments (C:\\Users\\abhay\\AppData\\Local\\Temp\\playwright-java-2514938591664396382\\package\\lib\\server\\chromium\\crExecutionContext.js:79:13)\n    at async LongStandingScope._race (C:\\Users\\abhay\\AppData\\Local\\Temp\\playwright-java-2514938591664396382\\package\\lib\\utils\\isomorphic\\manualPromise.js:95:14)\n    at async evaluateExpression (C:\\Users\\abhay\\AppData\\Local\\Temp\\playwright-java-2514938591664396382\\package\\lib\\server\\javascript.js:223:12)\n    at async ElementHandle.evaluateInUtility (C:\\Users\\abhay\\AppData\\Local\\Temp\\playwright-java-2514938591664396382\\package\\lib\\server\\dom.js:126:14)\n    at async C:\\Users\\abhay\\AppData\\Local\\Temp\\playwright-java-2514938591664396382\\package\\lib\\server\\dom.js:534:22\n    at async ElementHandle._retryAction (C:\\Users\\abhay\\AppData\\Local\\Temp\\playwright-java-2514938591664396382\\package\\lib\\server\\dom.js:287:22)\n    at async ElementHandle._fill (C:\\Users\\abhay\\AppData\\Local\\Temp\\playwright-java-2514938591664396382\\package\\lib\\server\\dom.js:530:12)\n    at async C:\\Users\\abhay\\AppData\\Local\\Temp\\playwright-java-2514938591664396382\\package\\lib\\server\\frames.js:972:25\n    at async Frame.retryWithProgressAndTimeouts (C:\\Users\\abhay\\AppData\\Local\\Temp\\playwright-java-2514938591664396382\\package\\lib\\server\\frames.js:916:24)\n    at async C:\\Users\\abhay\\AppData\\Local\\Temp\\playwright-java-2514938591664396382\\package\\lib\\server\\frames.js:1039:29\n}\nCall log:\n-   - waiting for getByRole(AriaRole.COMBOBOX)\n-     - locator resolved to \u003cdiv role\u003d\"combobox\" class\u003d\"ng-input\" aria-expanded\u003d\"true\" aria-haspopup\u003d\"listbox\" aria-owns\u003d\"a2705289d897\"\u003e…\u003c/div\u003e\n-     - fill(\"alinity\")\n-   - attempting fill action\n-     - waiting for element to be visible, enabled and editable\n\r\n\tat org.junit.jupiter.api.AssertionUtils.fail(AssertionUtils.java:38)\r\n\tat org.junit.jupiter.api.Assertions.fail(Assertions.java:138)\r\n\tat com.qa.nal.SearchTests.testUploadFile(SearchTests.java:622)\r\n\tat java.base/jdk.internal.reflect.DirectMethodHandleAccessor.invoke(DirectMethodHandleAccessor.java:104)\r\n\tat java.base/java.lang.reflect.Method.invoke(Method.java:565)\r\n\tat org.junit.platform.commons.util.ReflectionUtils.invokeMethod(ReflectionUtils.java:766)\r\n\tat org.junit.jupiter.engine.execution.MethodInvocation.proceed(MethodInvocation.java:60)\r\n\tat org.junit.jupiter.engine.execution.InvocationInterceptorChain$ValidatingInvocation.proceed(InvocationInterceptorChain.java:131)\r\n\tat io.qase.junit5.QaseListener.interceptTestMethod(QaseListener.java:67)\r\n\tat org.junit.jupiter.engine.execution.InterceptingExecutableInvoker$ReflectiveInterceptorCall.lambda$ofVoidMethod$0(InterceptingExecutableInvoker.java:103)\r\n\tat org.junit.jupiter.engine.execution.InterceptingExecutableInvoker.lambda$invoke$0(InterceptingExecutableInvoker.java:93)\r\n\tat org.junit.jupiter.engine.execution.InvocationInterceptorChain$InterceptedInvocation.proceed(InvocationInterceptorChain.java:106)\r\n\tat org.junit.jupiter.engine.extension.TimeoutExtension.intercept(TimeoutExtension.java:156)\r\n\tat org.junit.jupiter.engine.extension.TimeoutExtension.interceptTestableMethod(TimeoutExtension.java:147)\r\n\tat org.junit.jupiter.engine.extension.TimeoutExtension.interceptTestMethod(TimeoutExtension.java:86)\r\n\tat org.junit.jupiter.engine.execution.InterceptingExecutableInvoker$ReflectiveInterceptorCall.lambda$ofVoidMethod$0(InterceptingExecutableInvoker.java:103)\r\n\tat org.junit.jupiter.engine.execution.InterceptingExecutableInvoker.lambda$invoke$0(InterceptingExecutableInvoker.java:93)\r\n\tat org.junit.jupiter.engine.execution.InvocationInterceptorChain$InterceptedInvocation.proceed(InvocationInterceptorChain.java:106)\r\n\tat org.junit.jupiter.engine.execution.InvocationInterceptorChain.proceed(InvocationInterceptorChain.java:64)\r\n\tat org.junit.jupiter.engine.execution.InvocationInterceptorChain.chainAndInvoke(InvocationInterceptorChain.java:45)\r\n\tat org.junit.jupiter.engine.execution.InvocationInterceptorChain.invoke(InvocationInterceptorChain.java:37)\r\n\tat org.junit.jupiter.engine.execution.InterceptingExecutableInvoker.invoke(InterceptingExecutableInvoker.java:92)\r\n\tat org.junit.jupiter.engine.execution.InterceptingExecutableInvoker.invoke(InterceptingExecutableInvoker.java:86)\r\n\tat org.junit.jupiter.engine.descriptor.TestMethodTestDescriptor.lambda$invokeTestMethod$8(TestMethodTestDescriptor.java:217)\r\n\tat org.junit.platform.engine.support.hierarchical.ThrowableCollector.execute(ThrowableCollector.java:73)\r\n\tat org.junit.jupiter.engine.descriptor.TestMethodTestDescriptor.invokeTestMethod(TestMethodTestDescriptor.java:213)\r\n\tat org.junit.jupiter.engine.descriptor.TestMethodTestDescriptor.execute(TestMethodTestDescriptor.java:138)\r\n\tat org.junit.jupiter.engine.descriptor.TestMethodTestDescriptor.execute(TestMethodTestDescriptor.java:68)\r\n\tat org.junit.platform.engine.support.hierarchical.NodeTestTask.lambda$executeRecursively$6(NodeTestTask.java:156)\r\n\tat org.junit.platform.engine.support.hierarchical.ThrowableCollector.execute(ThrowableCollector.java:73)\r\n\tat org.junit.platform.engine.support.hierarchical.NodeTestTask.lambda$executeRecursively$8(NodeTestTask.java:146)\r\n\tat org.junit.platform.engine.support.hierarchical.Node.around(Node.java:137)\r\n\tat org.junit.platform.engine.support.hierarchical.NodeTestTask.lambda$executeRecursively$9(NodeTestTask.java:144)\r\n\tat org.junit.platform.engine.support.hierarchical.ThrowableCollector.execute(ThrowableCollector.java:73)\r\n\tat org.junit.platform.engine.support.hierarchical.NodeTestTask.executeRecursively(NodeTestTask.java:143)\r\n\tat org.junit.platform.engine.support.hierarchical.NodeTestTask.execute(NodeTestTask.java:100)\r\n\tat java.base/java.util.ArrayList.forEach(ArrayList.java:1604)\r\n\tat org.junit.platform.engine.support.hierarchical.SameThreadHierarchicalTestExecutorService.invokeAll(SameThreadHierarchicalTestExecutorService.java:41)\r\n\tat org.junit.platform.engine.support.hierarchical.NodeTestTask.lambda$executeRecursively$6(NodeTestTask.java:160)\r\n\tat org.junit.platform.engine.support.hierarchical.ThrowableCollector.execute(ThrowableCollector.java:73)\r\n\tat org.junit.platform.engine.support.hierarchical.NodeTestTask.lambda$executeRecursively$8(NodeTestTask.java:146)\r\n\tat org.junit.platform.engine.support.hierarchical.Node.around(Node.java:137)\r\n\tat org.junit.platform.engine.support.hierarchical.NodeTestTask.lambda$executeRecursively$9(NodeTestTask.java:144)\r\n\tat org.junit.platform.engine.support.hierarchical.ThrowableCollector.execute(ThrowableCollector.java:73)\r\n\tat org.junit.platform.engine.support.hierarchical.NodeTestTask.executeRecursively(NodeTestTask.java:143)\r\n\tat org.junit.platform.engine.support.hierarchical.NodeTestTask.execute(NodeTestTask.java:100)\r\n\tat java.base/java.util.ArrayList.forEach(ArrayList.java:1604)\r\n\tat org.junit.platform.engine.support.hierarchical.SameThreadHierarchicalTestExecutorService.invokeAll(SameThreadHierarchicalTestExecutorService.java:41)\r\n\tat org.junit.platform.engine.support.hierarchical.NodeTestTask.lambda$executeRecursively$6(NodeTestTask.java:160)\r\n\tat org.junit.platform.engine.support.hierarchical.ThrowableCollector.execute(ThrowableCollector.java:73)\r\n\tat org.junit.platform.engine.support.hierarchical.NodeTestTask.lambda$executeRecursively$8(NodeTestTask.java:146)\r\n\tat org.junit.platform.engine.support.hierarchical.Node.around(Node.java:137)\r\n\tat org.junit.platform.engine.support.hierarchical.NodeTestTask.lambda$executeRecursively$9(NodeTestTask.java:144)\r\n\tat org.junit.platform.engine.support.hierarchical.ThrowableCollector.execute(ThrowableCollector.java:73)\r\n\tat org.junit.platform.engine.support.hierarchical.NodeTestTask.executeRecursively(NodeTestTask.java:143)\r\n\tat org.junit.platform.engine.support.hierarchical.NodeTestTask.execute(NodeTestTask.java:100)\r\n\tat org.junit.platform.engine.support.hierarchical.SameThreadHierarchicalTestExecutorService.submit(SameThreadHierarchicalTestExecutorService.java:35)\r\n\tat org.junit.platform.engine.support.hierarchical.HierarchicalTestExecutor.execute(HierarchicalTestExecutor.java:57)\r\n\tat org.junit.platform.engine.support.hierarchical.HierarchicalTestEngine.execute(HierarchicalTestEngine.java:54)\r\n\tat org.junit.platform.launcher.core.DefaultLauncher.execute(DefaultLauncher.java:248)\r\n\tat org.junit.platform.launcher.core.DefaultLauncher.lambda$execute$5(DefaultLauncher.java:211)\r\n\tat org.junit.platform.launcher.core.DefaultLauncher.withInterceptedStreams(DefaultLauncher.java:226)\r\n\tat org.junit.platform.launcher.core.DefaultLauncher.execute(DefaultLauncher.java:199)\r\n\tat org.junit.platform.launcher.core.DefaultLauncher.execute(DefaultLauncher.java:132)\r\n\tat org.apache.maven.surefire.junitplatform.JUnitPlatformProvider.execute(JUnitPlatformProvider.java:188)\r\n\tat org.apache.maven.surefire.junitplatform.JUnitPlatformProvider.invokeAllTests(JUnitPlatformProvider.java:154)\r\n\tat org.apache.maven.surefire.junitplatform.JUnitPlatformProvider.invoke(JUnitPlatformProvider.java:128)\r\n\tat org.apache.maven.surefire.booter.ForkedBooter.runSuitesInProcess(ForkedBooter.java:428)\r\n\tat org.apache.maven.surefire.booter.ForkedBooter.execute(ForkedBooter.java:162)\r\n\tat org.apache.maven.surefire.booter.ForkedBooter.run(ForkedBooter.java:562)\r\n\tat org.apache.maven.surefire.booter.ForkedBooter.main(ForkedBooter.java:548)\r\n"},"fields":{},"attachments":[],"steps":[],"params":{},"paramGroups":[],"relations":{"suite":{"data":[{"title":"com.qa.nal.SearchTests","publicId":0}]}},"muted":false,"message":"org.opentest4j.AssertionFailedError: Upload failed: Error {\n  message\u003d\u0027Error: Element is not an \u003cinput\u003e, \u003ctextarea\u003e or [contenteditable] element\n  name\u003d\u0027Error\n  stack\u003d\u0027Error: Error: Element is not an \u003cinput\u003e, \u003ctextarea\u003e or [contenteditable] element\n    at CRExecutionContext.evaluateWithArguments (C:\\Users\\abhay\\AppData\\Local\\Temp\\playwright-java-2514938591664396382\\package\\lib\\server\\chromium\\crExecutionContext.js:79:13)\n    at async LongStandingScope._race (C:\\Users\\abhay\\AppData\\Local\\Temp\\playwright-java-2514938591664396382\\package\\lib\\utils\\isomorphic\\manualPromise.js:95:14)\n    at async evaluateExpression (C:\\Users\\abhay\\AppData\\Local\\Temp\\playwright-java-2514938591664396382\\package\\lib\\server\\javascript.js:223:12)\n    at async ElementHandle.evaluateInUtility (C:\\Users\\abhay\\AppData\\Local\\Temp\\playwright-java-2514938591664396382\\package\\lib\\server\\dom.js:126:14)\n    at async C:\\Users\\abhay\\AppData\\Local\\Temp\\playwright-java-2514938591664396382\\package\\lib\\server\\dom.js:534:22\n    at async ElementHandle._retryAction (C:\\Users\\abhay\\AppData\\Local\\Temp\\playwright-java-2514938591664396382\\package\\lib\\server\\dom.js:287:22)\n    at async ElementHandle._fill (C:\\Users\\abhay\\AppData\\Local\\Temp\\playwright-java-2514938591664396382\\package\\lib\\server\\dom.js:530:12)\n    at async C:\\Users\\abhay\\AppData\\Local\\Temp\\playwright-java-2514938591664396382\\package\\lib\\server\\frames.js:972:25\n    at async Frame.retryWithProgressAndTimeouts (C:\\Users\\abhay\\AppData\\Local\\Temp\\playwright-java-2514938591664396382\\package\\lib\\server\\frames.js:916:24)\n    at async C:\\Users\\abhay\\AppData\\Local\\Temp\\playwright-java-2514938591664396382\\package\\lib\\server\\frames.js:1039:29\n}\nCall log:\n-   - waiting for getByRole(AriaRole.COMBOBOX)\n-     - locator resolved to \u003cdiv role\u003d\"combobox\" class\u003d\"ng-input\" aria-expanded\u003d\"true\" aria-haspopup\u003d\"listbox\" aria-owns\u003d\"a2705289d897\"\u003e…\u003c/div\u003e\n-     - fill(\"alinity\")\n-   - attempting fill action\n-     - waiting for element to be visible, enabled and editable\n","ignore":false}
00:39:33.815 [main] INFO  i.q.c.reporters.TestopsReporter - See why this test failed: https://app.qase.io/run/SEARCH/dashboard/50?source=logs&status=%5B2%5D&search=10
]]></system-out>
  </testcase>
  <testcase name="navigateUploadedKBManagement" classname="com.qa.nal.SearchTests" time="4.93">
    <system-out><![CDATA[00:39:33.924 [main] INFO  com.qa.nal.SearchTests - Sidebar hovered
00:39:36.057 [main] INFO  com.qa.nal.SearchTests - Uploaded KB Management Clicked
00:39:36.741 [main] INFO  com.qa.nal.SearchTests - Uploaded KB Management page loaded successfully
00:39:38.748 [main] INFO  i.q.commons.reporters.CoreReporter - Adding result: {"id":"c3ccf1bb-ab09-4f33-a863-d58b1cbe9475","title":"Navigate to Uploaded KB Management","signature":"com:qa:nal::searchtests.java::searchtests::navigateuploadedkbmanagement::11","testopsId":11,"execution":{"startTime":1751137773821,"status":"PASSED","endTime":1751137778748,"duration":4927},"fields":{},"attachments":[],"steps":[],"params":{},"paramGroups":[],"relations":{"suite":{"data":[{"title":"com.qa.nal.SearchTests","publicId":0}]}},"muted":false,"ignore":false}
]]></system-out>
  </testcase>
  <testcase name="manageKb" classname="com.qa.nal.SearchTests" time="22.179">
    <system-out><![CDATA[00:39:41.778 [main] INFO  com.qa.nal.SearchTests - Clicked eye icon.
00:39:41.898 [main] INFO  com.qa.nal.SearchTests - Clicked File Preview.
00:39:45.501 [main] INFO  com.qa.nal.SearchTests - Clicked File Tags.
00:39:56.517 [main] INFO  com.qa.nal.SearchTests - Add New Tags button not found!
00:39:56.517 [main] INFO  com.qa.nal.SearchTests - No Data found for Tags.
00:39:56.659 [main] INFO  com.qa.nal.SearchTests - Clicked Transaction Logs.
00:39:57.795 [main] INFO  com.qa.nal.SearchTests - Clicked eye icon on Transaction Logs.
00:39:58.900 [main] INFO  com.qa.nal.SearchTests - Clicked Back button.
00:39:59.919 [main] INFO  com.qa.nal.SearchTests - Transaction Logs loaded successfully.
00:40:00.927 [main] INFO  i.q.commons.reporters.CoreReporter - Adding result: {"id":"cbd258ec-e029-4c40-9d3e-99444de5ee61","title":"Manage KB","signature":"com:qa:nal::searchtests.java::searchtests::managekb::12","testopsId":12,"execution":{"startTime":1751137778753,"status":"PASSED","endTime":1751137800927,"duration":22174},"fields":{},"attachments":[],"steps":[],"params":{},"paramGroups":[],"relations":{"suite":{"data":[{"title":"com.qa.nal.SearchTests","publicId":0}]}},"muted":false,"ignore":false}
]]></system-out>
  </testcase>
</testsuite>