<?xml version="1.0" encoding="UTF-8"?>
<testsuite xmlns:xsi="http://www.w3.org/2001/XMLSchema-instance" xsi:noNamespaceSchemaLocation="https://maven.apache.org/surefire/maven-surefire-plugin/xsd/surefire-test-report-3.0.xsd" version="3.0" name="com.qa.nal.SearchTests" time="224.036" tests="12" errors="0" skipped="0" failures="0">
  <properties>
[...]
</properties>
  <testcase name="navigateToLoginPage" classname="com.qa.nal.SearchTests" time="9.429">
    <system-out><![CDATA[13:47:40.073 [main] INFO  i.q.commons.reporters.CoreReporter - Starting test run
13:47:41.879 [main] INFO  i.q.c.reporters.TestopsReporter - Test run 68 started
13:47:50.795 [main] INFO  io.qase.api.QaseClient - Qase project code - INTSEARCH
13:47:50.797 [main] INFO  io.qase.api.QaseClient - Required parameters 'QASE_RUN_ID' or 'QASE_RUN_NAME' aren't specified
13:48:00.187 [main] INFO  com.qa.nal.SearchTests - Navigating to login page: https://accuray-dev.neuron7.ai
13:48:00.203 [main] INFO  i.q.commons.reporters.CoreReporter - Adding result: {"id":"04111590-40d4-43c2-bb1c-418c9eb71df5","title":"Navigate to Login","signature":"com:qa:nal::searchtests.java::searchtests::navigatetologinpage::1","testopsId":1,"execution":{"startTime":1751444270812,"status":"PASSED","endTime":1751444280203,"duration":9391},"fields":{},"attachments":[],"steps":[],"params":{},"paramGroups":[],"relations":{"suite":{"data":[{"title":"com.qa.nal.SearchTests","publicId":0}]}},"muted":false,"ignore":false}
]]></system-out>
  </testcase>
  <testcase name="performLogin" classname="com.qa.nal.SearchTests" time="1.693">
    <system-out><![CDATA[13:48:00.504 [main] INFO  com.qa.nal.SearchTests - Username field clicked
13:48:00.582 [main] INFO  com.qa.nal.SearchTests - Username field filled
13:48:00.689 [main] INFO  com.qa.nal.SearchTests - Password field clicked
13:48:00.767 [main] INFO  com.qa.nal.SearchTests - Password field filled
13:48:00.908 [main] INFO  com.qa.nal.SearchTests - Login button clicked
13:48:01.919 [main] INFO  com.qa.nal.SearchTests - Login successful, navigated to home page
13:48:01.921 [main] INFO  i.q.commons.reporters.CoreReporter - Adding result: {"id":"562eb098-4cfa-4fbf-9b20-85068574a909","title":"Perform Login","signature":"com:qa:nal::searchtests.java::searchtests::performlogin::2","testopsId":2,"execution":{"startTime":1751444280237,"status":"PASSED","endTime":1751444281921,"duration":1684},"fields":{},"attachments":[],"steps":[],"params":{},"paramGroups":[],"relations":{"suite":{"data":[{"title":"com.qa.nal.SearchTests","publicId":0}]}},"muted":false,"ignore":false}
]]></system-out>
  </testcase>
  <testcase name="handleInitialPopup" classname="com.qa.nal.SearchTests" time="3.725">
    <system-out><![CDATA[13:48:01.975 [main] INFO  com.qa.nal.SearchTests - Modal Pop-Up found
13:48:05.648 [main] INFO  com.qa.nal.SearchTests - Cancel button clicked
13:48:05.648 [main] INFO  i.q.commons.reporters.CoreReporter - Adding result: {"id":"4f3db42c-cde3-476b-9e95-273551acdb67","title":"Handle Pop-Up","signature":"com:qa:nal::searchtests.java::searchtests::handleinitialpopup::3","testopsId":3,"execution":{"startTime":1751444281928,"status":"PASSED","endTime":1751444285648,"duration":3720},"fields":{},"attachments":[],"steps":[],"params":{},"paramGroups":[],"relations":{"suite":{"data":[{"title":"com.qa.nal.SearchTests","publicId":0}]}},"muted":false,"ignore":false}
]]></system-out>
  </testcase>
  <testcase name="navigateToIntelligentSearch" classname="com.qa.nal.SearchTests" time="2.112">
    <system-out><![CDATA[13:48:07.757 [main] INFO  com.qa.nal.SearchTests - Intelligent Search Card Clicked!
13:48:07.760 [main] INFO  com.qa.nal.SearchTests - Intelligent Search successfully Opened!
13:48:07.761 [main] INFO  i.q.commons.reporters.CoreReporter - Adding result: {"id":"cdc67cf5-b9e9-4302-97ad-50e9dea6b60e","title":"Navigate to Intelligent Search","signature":"com:qa:nal::searchtests.java::searchtests::navigatetointelligentsearch::4","testopsId":4,"execution":{"startTime":1751444285653,"status":"PASSED","endTime":1751444287761,"duration":2108},"fields":{},"attachments":[],"steps":[],"params":{},"paramGroups":[],"relations":{"suite":{"data":[{"title":"com.qa.nal.SearchTests","publicId":0}]}},"muted":false,"ignore":false}
]]></system-out>
  </testcase>
  <testcase name="testSearchQueries" classname="com.qa.nal.SearchTests" time="139.171">
    <system-out><![CDATA[Queries loaded from Excel: [4012 optics initialization error ., device not starting, hardware failure, optics initialization error]
13:48:08.393 [main] INFO  com.qa.nal.SearchTests - Last Query: optics initialization error
13:48:08.477 [main] INFO  com.qa.nal.SearchTests - Search Field Filled with: 4012 optics initialization error .
13:48:10.616 [main] INFO  com.qa.nal.SearchTests - Search button Clicked!
13:48:12.686 [main] INFO  com.qa.nal.SearchTests - Solutions found for Copy Link
13:48:12.855 [main] INFO  com.qa.nal.SearchTests - Solutions found
13:48:12.864 [main] INFO  com.qa.nal.SearchTests - Solution List size: 21
13:48:12.870 [main] INFO  com.qa.nal.SearchTests - kb0029275 kb0029275 in this case at the time of the error the mlc performed a re-initialization beca... | kb0029275.pdf
13:48:12.876 [main] INFO  com.qa.nal.SearchTests - kb0029749 kb0029749 this error occurred after the calibration with the 3 isoposts when the robot was... | kb0029749.pdf
13:48:12.880 [main] INFO  com.qa.nal.SearchTests - kb0029366 kb0029366 article metadata
manage attachments (1): pasted image.jpg [view]
number

kb00293... | kb0029366.pdf
13:48:12.883 [main] INFO  com.qa.nal.SearchTests - service work instructions
troubleshooting guide, mlc26 | mlc_errors_c-svc-00282_troubleshooting_guide_mlc26.pdf
13:48:12.887 [main] INFO  com.qa.nal.SearchTests - article metadata
article body | kb0029667.pdf
13:48:12.890 [main] INFO  com.qa.nal.SearchTests - article metadata
article body | kb0029670.pdf
13:48:12.894 [main] INFO  com.qa.nal.SearchTests - article metadata
article body | kb0029665.pdf
13:48:12.898 [main] INFO  com.qa.nal.SearchTests - article metadata
article body | kb0028631.pdf
13:48:12.901 [main] INFO  com.qa.nal.SearchTests - service work instructions
troubleshoot amcon faults | t-svc-00342_troubleshoot_amcon_faults.pdf
13:48:12.903 [main] INFO  com.qa.nal.SearchTests - article metadata
article body | kb0029664.pdf
13:48:12.907 [main] INFO  com.qa.nal.SearchTests - service work instructions
troubleshoot the couch and catcher, radixact | couch_errors_t-svc-00850_troubleshoot_the_couch_and_catcher_radixact.pdf
13:48:12.912 [main] INFO  com.qa.nal.SearchTests - article metadata
article body | kb0029372.pdf
13:48:12.915 [main] INFO  com.qa.nal.SearchTests - article metadata
article body | kb0029675.pdf
13:48:12.917 [main] INFO  com.qa.nal.SearchTests - service work instructions
troubleshoot the multi-leaf collimator (mlc) | t-svc-00119_troubleshoot_the_multi-leaf_collimator_mlc.pdf
13:48:12.920 [main] INFO  com.qa.nal.SearchTests - [{'review the rds logs and find: action: interface fired faultprocedure (tdcs initiated fault: recei... | kb0029199.pdf
13:48:12.923 [main] INFO  com.qa.nal.SearchTests - service work instructions
troubleshoot the couch and catcher, radixact | t-svc-00850_troubleshoot_the_couch_and_catcher_radixact.pdf
13:48:12.929 [main] INFO  com.qa.nal.SearchTests - article metadata
article body | kb0028523.pdf
13:48:12.932 [main] INFO  com.qa.nal.SearchTests - system power and
interlocks | tomotherapy_system_power_and_interlocks_1057283.b.pdf
13:48:12.934 [main] INFO  com.qa.nal.SearchTests - tomotherapy service instructions
replace the optical drive on the gpu node | t-svc-00604_replace_the_optical_drive_on_the_gpu_node.pdf
13:48:12.939 [main] INFO  com.qa.nal.SearchTests - service work instructions
install the catalyst+ subsystem, radixact | t-svc-01330_install_the_catalyst_subsystem_radixact.pdf
13:48:12.944 [main] INFO  com.qa.nal.SearchTests - tomotherapy
computing systems | tomotherapy_computer_systems_1075975.a.pdf
13:48:15.458 [main] INFO  com.qa.nal.SearchTests - Filters are not available!
13:48:15.467 [main] INFO  com.qa.nal.SearchTests - Index: 5
13:48:15.467 [main] INFO  com.qa.nal.SearchTests - Text: article metadata
article body | kb0029670.pdf
13:48:33.518 [main] INFO  com.qa.nal.SearchTests - No additional results found.
13:48:39.991 [main] INFO  com.qa.nal.SearchTests - Index: 9
13:48:39.991 [main] INFO  com.qa.nal.SearchTests - Text: article metadata
article body | kb0029664.pdf
13:48:56.700 [main] INFO  com.qa.nal.SearchTests - No additional results found.
13:49:01.033 [main] INFO  com.qa.nal.SearchTests - Search Field Filled with: device not starting
13:49:03.164 [main] INFO  com.qa.nal.SearchTests - Search button Clicked!
13:49:04.538 [main] INFO  com.qa.nal.SearchTests - Solutions found for Copy Link
13:49:04.669 [main] INFO  com.qa.nal.SearchTests - Solutions found
13:49:04.673 [main] INFO  com.qa.nal.SearchTests - Solution List size: 21
13:49:04.676 [main] INFO  com.qa.nal.SearchTests - if the device is not found initially, cycle perle converter power. | t-svc-00149_replace_a_serial-to-ethernet_converter.pdf
13:49:04.681 [main] INFO  com.qa.nal.SearchTests - tech tip form .3. review the “status of logical device” and “state” of device #0 and #1 as outlined ... | 16-026_rebuild_a_degraded_ucc_raid_volume.pdf
13:49:04.683 [main] INFO  com.qa.nal.SearchTests - kb0027944 kb0027944 5) firewall firmware revision is shown on top line as asa version x.x(x).
6) if ... | kb0027944.pdf
13:49:04.687 [main] INFO  com.qa.nal.SearchTests - 
service work instructions
3.1-3.3.x to 3.4.1 software upgrade, idms and
precision | a-svc-00190_3.1-3.3.x_to_3.4.1_software_upgrade_idms_and_precision.pdf
13:49:04.690 [main] INFO  com.qa.nal.SearchTests - 
service work instructions
3.4.1 to 3.5 software upgrade, idms and
precision | a-svc-00197_3.4.1_to_3.5_software_upgrade_idms_and_precision.pdf
13:49:04.695 [main] INFO  com.qa.nal.SearchTests - article metadata
article body | kb0027927.pdf
13:49:04.699 [main] INFO  com.qa.nal.SearchTests - service work instructions
troubleshooting guide, mlc26 | mlc_errors_c-svc-00282_troubleshooting_guide_mlc26.pdf
13:49:04.702 [main] INFO  com.qa.nal.SearchTests - idms and gateway 1.0 to 1.1.1 software upgrade procedure .a-svc-00028, rev.f .2.verify the drive let... | a-svc-00028_idms_and_gateway_1.0_to_1.1.1_software_upgrade_procedure.pdf
13:49:04.706 [main] INFO  com.qa.nal.SearchTests - service work instructions
motherboard regulator replacement, mlc26 | c-svc-00279_motherboard_regulator_replacement_mlc26.pdf
13:49:04.709 [main] INFO  com.qa.nal.SearchTests - service work instructions
replace the ucc hdd | c-svc-00789_replace_the_ucc_hdd.pdf
13:49:04.713 [main] INFO  com.qa.nal.SearchTests -  when not stopped immediately, latch-ups will permanently damage the device .o for example, inabili... | accuray_031440_wi_iris_servicing__troubleshooting_gde.pdf
13:49:04.715 [main] INFO  com.qa.nal.SearchTests - 
service work instructions
install the compute system rack components,
radixact 2.x | t-svc-01059_install_the_compute_system_rack_components_radixact_2.x.pdf
13:49:04.719 [main] INFO  com.qa.nal.SearchTests - service work instructions
replace the printer (220 v), eimea | t-svc-00431_replace_the_printer_220v_eimea.pdf
13:49:04.721 [main] INFO  com.qa.nal.SearchTests - service work instructions
ck m6 and vsi ck access for upgrades | c-svc-00139_ck10.5_m6_and_vsi_ck_access_for_upgrades.pdf
13:49:04.725 [main] INFO  com.qa.nal.SearchTests - service work instructions
replace the lcc computer | c-svc-00605_replace_the_lcc_computer.pdf
13:49:04.729 [main] INFO  com.qa.nal.SearchTests - update procedure, dms 1.0 to 2.0 | 101613_upgrade_procedure_pts_1.0_to_dms_2.0.pdf
13:49:04.732 [main] INFO  com.qa.nal.SearchTests - 031562_wi_iscal_imaging__alignment_instr 031562 wi iscal imaging alignment instr accuray confidentia... | 031562_wi_iscal_imaging__alignment_instr.pdf
13:49:04.735 [main] INFO  com.qa.nal.SearchTests - 
service work instructions
replace the gateway server, 1.x | a-svc-00050_replace_the_gateway_server_1.x.pdf
13:49:04.738 [main] INFO  com.qa.nal.SearchTests - article metadata
article body | kb0029476.pdf
13:49:04.740 [main] INFO  com.qa.nal.SearchTests - article metadata
article body | kb0029205.pdf
13:49:04.745 [main] INFO  com.qa.nal.SearchTests - article metadata
article body | kb0029407.pdf
13:49:07.255 [main] INFO  com.qa.nal.SearchTests - Filters are not available!
13:49:07.263 [main] INFO  com.qa.nal.SearchTests - Index: 14
13:49:07.264 [main] INFO  com.qa.nal.SearchTests - Text: service work instructions
replace the lcc computer | c-svc-00605_replace_the_lcc_computer.pdf
13:49:16.366 [main] INFO  com.qa.nal.SearchTests - Additional results found: 1
13:49:16.524 [main] INFO  com.qa.nal.SearchTests - Clicking additional result:  C-SVC-00605_Replace_the_LCC_Computer C SVC 00605 Replace the LCC Computer Replace the LCC Computer
C-SVC-00605 ⬧ Rev. E

w

Figure 38

6.2

Update the RS485 driver settings
1. Open Device Manager.
2. Select View > Show hidden devices.
3. Right-click on Enhanced Communication Port (COM3) and select Uninstall.
4. Select the Delete the driver software for this device checkbox and click Uninstall.

Figure 39 Do not check delete the driver software for this device

Service Work Instructions

31 of 43

Accuray Confidential

&amp#12; 
13:49:24.977 [main] INFO  com.qa.nal.SearchTests - Index: 4
13:49:24.977 [main] INFO  com.qa.nal.SearchTests - Text: 
service work instructions
3.4.1 to 3.5 software upgrade, idms and
precision | a-svc-00197_3.4.1_to_3.5_software_upgrade_idms_and_precision.pdf
13:49:43.879 [main] INFO  com.qa.nal.SearchTests - No additional results found.
13:49:48.184 [main] INFO  com.qa.nal.SearchTests - Search Field Filled with: hardware failure
13:49:50.306 [main] INFO  com.qa.nal.SearchTests - Search button Clicked!
13:49:51.675 [main] INFO  com.qa.nal.SearchTests - Solutions found for Copy Link
13:49:51.817 [main] INFO  com.qa.nal.SearchTests - Solutions found
13:49:51.822 [main] INFO  com.qa.nal.SearchTests - Solution List size: 17
13:49:51.825 [main] INFO  com.qa.nal.SearchTests - kb0028153 kb0028153 article metadata
manage attachments (2): pasted image.png [view]

pasted image.p... | kb0028153.pdf
13:49:51.829 [main] INFO  com.qa.nal.SearchTests - mlc_errors_c-svc-00282_troubleshooting_guide_mlc26 mlc errors c svc 00282 troubleshooting guide mlc2... | mlc_errors_c-svc-00282_troubleshooting_guide_mlc26.pdf
13:49:51.832 [main] INFO  com.qa.nal.SearchTests - troubleshoot the stationary control system (scs), radixact .t-svc-01309 ⬧ rev.c .note: the pdu key d... | t-svc-01309_troubleshoot_the_stationary_control_system_scs_radixact.pdf
13:49:51.835 [main] INFO  com.qa.nal.SearchTests - article metadata
article body | kb0029659.pdf
13:49:51.839 [main] INFO  com.qa.nal.SearchTests - article metadata
article body | kb0029362.pdf
13:49:51.842 [main] INFO  com.qa.nal.SearchTests - article metadata
article body | kb0029113.pdf
13:49:51.845 [main] INFO  com.qa.nal.SearchTests - article metadata
article body | kb0029246.pdf
13:49:51.848 [main] INFO  com.qa.nal.SearchTests - article metadata
article body | kb0029101.pdf
13:49:51.851 [main] INFO  com.qa.nal.SearchTests - 027110_calibrate_the_x-ray_detector_v9.x_and_below 027110 calibrate the x ray detector v9 x and belo... | 027110_calibrate_the_x-ray_detector_v9.x_and_below.pdf
13:49:51.854 [main] INFO  com.qa.nal.SearchTests - article metadata
article body | kb0029406.pdf
13:49:51.856 [main] INFO  com.qa.nal.SearchTests - tomotherapy
computing systems | tomotherapy_computer_systems_1075975.a.pdf
13:49:51.859 [main] INFO  com.qa.nal.SearchTests - t-svc-00547_replace_a_tomogateway_dc2-dc3-g4_5.x t svc 00547 replace a tomogateway dc2 dc3 g4 5 x re... | t-svc-00547_replace_a_tomogateway_dc2-dc3-g4_5.x.pdf
13:49:51.862 [main] INFO  com.qa.nal.SearchTests - article metadata
article body | kb0028309.pdf
13:49:51.866 [main] INFO  com.qa.nal.SearchTests - service work instructions
inspect or replace the magnetron enclosure rf
gaskets & hardware | t-svc-00471_inspect_or_replace_magnetron_enclosure_rf_gaskets__hw.pdf
13:49:51.869 [main] INFO  com.qa.nal.SearchTests - 
service work instructions
software and hardware upgrade from cdms 3.3
to idms 3.2, ck 11.1.3 | c-svc-00610_software__hardware_upgrade_cdms_3.3_to_idms_3.2_ck_11.1..pdf
13:49:51.872 [main] INFO  com.qa.nal.SearchTests - service work instructions
troubleshoot the couch and catcher, radixact | couch_errors_t-svc-00850_troubleshoot_the_couch_and_catcher_radixact.pdf
13:49:51.875 [main] INFO  com.qa.nal.SearchTests - service work instructions
troubleshoot the couch and catcher, radixact | t-svc-00850_troubleshoot_the_couch_and_catcher_radixact.pdf
13:49:54.384 [main] INFO  com.qa.nal.SearchTests - Filters are not available!
13:49:54.389 [main] INFO  com.qa.nal.SearchTests - Index: 4
13:49:54.389 [main] INFO  com.qa.nal.SearchTests - Text: article metadata
article body | kb0029362.pdf
13:50:03.135 [main] INFO  com.qa.nal.SearchTests - Additional results found: 1
13:50:03.305 [main] INFO  com.qa.nal.SearchTests - Clicking additional result:  Resolution:
See E 269: Linac reports hardware fault

Failure mode 7
Symptom/Issue:
E 270 with E 1030 and 1038. 
13:50:11.789 [main] INFO  com.qa.nal.SearchTests - Index: 16
13:50:11.789 [main] INFO  com.qa.nal.SearchTests - Text: service work instructions
troubleshoot the couch and catcher, radixact | t-svc-00850_troubleshoot_the_couch_and_catcher_radixact.pdf
13:50:20.503 [main] INFO  com.qa.nal.SearchTests - Additional results found: 1
13:50:20.675 [main] INFO  com.qa.nal.SearchTests - Clicking additional result:  T-SVC-00850_Troubleshoot_the_Couch_and_Catcher_Radixact T SVC 00850 Troubleshoot the Couch and Catcher Radixact Troubleshoot the Couch and Catcher, Radixact

Error
Code

0x101
9

Error Text (file and line number omitted)

Description

Potential Cause

"SusiWDAvailable succeeded; SUSI-WD APIs not
supported"

Single Board
Computer does
not support
watchdog
capability
Failure
initializing Susi
library
Susi GPIO
access failure
Single Board
Computer does
not support Susi
GPIO access
Thread
encountered an
error when
registering for
Watchdog
services.

SBC hardware
compatibility issue

"SusiDllInit failed"

"SusiCoreAvailable (GPIO) failed"
"SusiCoreAvailable (GPIO) succeeded; SUSI-GPIO
APIs not supported"

Application or
installation error

SBC hardware
compatibility issue

"WatchDog_Register failed for Log_Thread"
"WatchDog_Register failed for Command_Thread"
"WatchDog_Register failed for
Fault_Out_Of_Band_Thread"
"WatchDog_Register failed for Status_Thread"
"WatchDog_Register failed for GPIO"
"WatchDog_Register failed for IOControl Thread"
"WatchDog_Register failed for MotionControl Thread"
"WatchDog_Register failed for MotionMonitor Thread"

0x101
B

"Call to sem_init failed"
"Call to shm_open failed"
"Call to mq_open failed"
"Call to mq_receive failed"
"Call to mq_close failed"
"Call to timer_settime failed"
"DataReady Semaphore Error"

Operating
System
resource issue

Application or
Operating system
issue

"Call to mq_send failed"

Operating
System
resource issue

1. Excessive
commands
sent in rapid
succession
from ECS

Application Error

2. Application or
Operating
system issue

17 of 69

A

Application error

0x101
A

Service Work Instructions

Corrective
Action Code

T-SVC-00850, Rev. E

Accuray Confidential

A

A

J
A

&amp#12; 
13:50:26.932 [main] INFO  i.q.commons.reporters.CoreReporter - Adding result: {"id":"6dc9aac5-698a-447e-89fa-02eaf210ce49","title":"Search Query","signature":"com:qa:nal::searchtests.java::searchtests::testsearchqueries::5","testopsId":5,"execution":{"startTime":1751444287769,"status":"PASSED","endTime":1751444426932,"duration":139163},"fields":{},"attachments":[],"steps":[],"params":{},"paramGroups":[],"relations":{"suite":{"data":[{"title":"com.qa.nal.SearchTests","publicId":0}]}},"muted":false,"ignore":false}
]]></system-out>
    <system-err><![CDATA[ERROR StatusLogger Log4j2 could not find a logging implementation. Please add log4j-core to the classpath. Using SimpleLogger to log to the console...
]]></system-err>
  </testcase>
  <testcase name="searchLastQuery" classname="com.qa.nal.SearchTests" time="10.56">
    <system-out><![CDATA[13:50:27.016 [main] INFO  com.qa.nal.SearchTests - Search Field Filled with: optics initialization error
13:50:29.145 [main] INFO  com.qa.nal.SearchTests - Search button Clicked!
13:50:29.145 [main] INFO  com.qa.nal.SearchTests - last Query found!
13:50:31.009 [main] INFO  com.qa.nal.SearchTests - Solutions found
13:50:31.013 [main] INFO  com.qa.nal.SearchTests - Solution List size: 19
13:50:31.016 [main] INFO  com.qa.nal.SearchTests - t-svc-00317_modulator_subsystem_basic_operation t svc 00317 modulator subsystem basic operation trou... | t-svc-00317_modulator_subsystem_basic_operation.pdf
13:50:31.020 [main] INFO  com.qa.nal.SearchTests - kb0029664 kb0029664 article metadata
number

kb0029664

workflow

published

knowledge base

field s... | kb0029664.pdf
13:50:31.023 [main] INFO  com.qa.nal.SearchTests - kb0029275 kb0029275 in this case at the time of the error the mlc performed a re-initialization beca... | kb0029275.pdf
13:50:31.026 [main] INFO  com.qa.nal.SearchTests - article metadata
article body | kb0029667.pdf
13:50:31.029 [main] INFO  com.qa.nal.SearchTests - service work instructions
troubleshooting guide, mlc26 | mlc_errors_c-svc-00282_troubleshooting_guide_mlc26.pdf
13:50:31.031 [main] INFO  com.qa.nal.SearchTests - article metadata
article body | kb0029665.pdf
13:50:31.034 [main] INFO  com.qa.nal.SearchTests - article metadata
article body | kb0029372.pdf
13:50:31.037 [main] INFO  com.qa.nal.SearchTests - service work instructions
troubleshoot the couch and catcher, radixact | couch_errors_t-svc-00850_troubleshoot_the_couch_and_catcher_radixact.pdf
13:50:31.040 [main] INFO  com.qa.nal.SearchTests - article metadata
article body | kb0028631.pdf
13:50:31.042 [main] INFO  com.qa.nal.SearchTests - service work instructions
troubleshoot the couch and catcher, radixact | t-svc-00850_troubleshoot_the_couch_and_catcher_radixact.pdf
13:50:31.045 [main] INFO  com.qa.nal.SearchTests - service work instructions
troubleshoot amcon faults | t-svc-00342_troubleshoot_amcon_faults.pdf
13:50:31.048 [main] INFO  com.qa.nal.SearchTests - article metadata
article body | kb0029675.pdf
13:50:31.050 [main] INFO  com.qa.nal.SearchTests - service work instructions
troubleshoot the multi-leaf collimator (mlc) | t-svc-00119_troubleshoot_the_multi-leaf_collimator_mlc.pdf
13:50:31.053 [main] INFO  com.qa.nal.SearchTests - article metadata
article body | kb0029199.pdf
13:50:31.055 [main] INFO  com.qa.nal.SearchTests - system power and
interlocks | tomotherapy_system_power_and_interlocks_1057283.b.pdf
13:50:31.058 [main] INFO  com.qa.nal.SearchTests - service work instructions
install the catalyst+ subsystem, radixact | t-svc-01330_install_the_catalyst_subsystem_radixact.pdf
13:50:31.060 [main] INFO  com.qa.nal.SearchTests - tomotherapy service instructions
replace the optical drive on the gpu node | t-svc-00604_replace_the_optical_drive_on_the_gpu_node.pdf
13:50:31.062 [main] INFO  com.qa.nal.SearchTests - article metadata
article body | kb0028523.pdf
13:50:31.065 [main] INFO  com.qa.nal.SearchTests - tomotherapy
computing systems | tomotherapy_computer_systems_1075975.a.pdf
13:50:37.495 [main] INFO  i.q.commons.reporters.CoreReporter - Adding result: {"id":"a35336d2-6161-465e-8174-d10a76558c05","title":"Test Last Query in sheet","signature":"com:qa:nal::searchtests.java::searchtests::searchlastquery::6","testopsId":6,"execution":{"startTime":1751444426940,"status":"PASSED","endTime":1751444437495,"duration":10555},"fields":{},"attachments":[],"steps":[],"params":{},"paramGroups":[],"relations":{"suite":{"data":[{"title":"com.qa.nal.SearchTests","publicId":0}]}},"muted":false,"ignore":false}
]]></system-out>
  </testcase>
  <testcase name="navigateToLogManangement" classname="com.qa.nal.SearchTests" time="3.22">
    <system-out><![CDATA[13:50:37.611 [main] INFO  com.qa.nal.SearchTests - Sidebar hovered
13:50:39.718 [main] INFO  com.qa.nal.SearchTests - Intelligent Search clicked
13:50:39.826 [main] INFO  com.qa.nal.SearchTests - Log Management Cicked
13:50:40.718 [main] INFO  com.qa.nal.SearchTests - Log Management page loaded successfully
13:50:40.721 [main] INFO  i.q.commons.reporters.CoreReporter - Adding result: {"id":"2b8244a3-1e30-46f3-8537-60fcb61e2eff","title":"Navigate to Log Management","signature":"com:qa:nal::searchtests.java::searchtests::navigatetologmanangement::7","testopsId":7,"execution":{"startTime":1751444437505,"status":"PASSED","endTime":1751444440719,"duration":3214},"fields":{},"attachments":[],"steps":[],"params":{},"paramGroups":[],"relations":{"suite":{"data":[{"title":"com.qa.nal.SearchTests","publicId":0}]}},"muted":false,"ignore":false}
]]></system-out>
  </testcase>
  <testcase name="manageLogs" classname="com.qa.nal.SearchTests" time="4.388">
    <system-out><![CDATA[13:50:42.840 [main] INFO  com.qa.nal.SearchTests - Clicked edit icon.
13:50:42.980 [main] INFO  com.qa.nal.SearchTests - Create New KB checked.
13:50:45.111 [main] INFO  com.qa.nal.SearchTests - Save clicked.
13:50:45.111 [main] INFO  i.q.commons.reporters.CoreReporter - Adding result: {"id":"3d23a72f-f460-48a7-a051-d1431bf5cd74","title":"Create New KB","signature":"com:qa:nal::searchtests.java::searchtests::managelogs::8","testopsId":8,"execution":{"startTime":1751444440726,"status":"PASSED","endTime":1751444445111,"duration":4385},"fields":{},"attachments":[],"steps":[],"params":{},"paramGroups":[],"relations":{"suite":{"data":[{"title":"com.qa.nal.SearchTests","publicId":0}]}},"muted":false,"ignore":false}
]]></system-out>
  </testcase>
  <testcase name="navigateSelfServiceIntelligentSearch" classname="com.qa.nal.SearchTests" time="5.757">
    <system-out><![CDATA[13:50:45.251 [main] INFO  com.qa.nal.SearchTests - Sidebar hovered
13:50:47.394 [main] INFO  com.qa.nal.SearchTests - Self Service Intelligent Search Clicked
13:50:48.859 [main] INFO  com.qa.nal.SearchTests - Self Service Intelligent Search page loaded successfully
13:50:50.869 [main] INFO  i.q.commons.reporters.CoreReporter - Adding result: {"id":"6a6bf3da-683f-43b3-92ab-02642855f5e4","title":"Navigate to Self Service Intelligent Search","signature":"com:qa:nal::searchtests.java::searchtests::navigateselfserviceintelligentsearch::9","testopsId":9,"execution":{"startTime":1751444445114,"status":"PASSED","endTime":1751444450869,"duration":5755},"fields":{},"attachments":[],"steps":[],"params":{},"paramGroups":[],"relations":{"suite":{"data":[{"title":"com.qa.nal.SearchTests","publicId":0}]}},"muted":false,"ignore":false}
]]></system-out>
  </testcase>
  <testcase name="testUploadFile" classname="com.qa.nal.SearchTests" time="7.225">
    <system-out><![CDATA[13:50:50.975 [main] INFO  com.qa.nal.SearchTests - File input hovered
13:50:54.942 [main] INFO  com.qa.nal.SearchTests - Manufacturer option clicked: CYBERKNIFE G SERIES
13:50:56.080 [main] INFO  com.qa.nal.SearchTests - File uploaded successfully!
13:50:58.095 [main] INFO  i.q.commons.reporters.CoreReporter - Adding result: {"id":"bd67b377-b187-495e-93a1-2bf4d3a69c85","title":"Upload File","signature":"com:qa:nal::searchtests.java::searchtests::testuploadfile::10","testopsId":10,"execution":{"startTime":1751444450875,"status":"PASSED","endTime":1751444458094,"duration":7219},"fields":{},"attachments":[],"steps":[],"params":{},"paramGroups":[],"relations":{"suite":{"data":[{"title":"com.qa.nal.SearchTests","publicId":0}]}},"muted":false,"ignore":false}
]]></system-out>
  </testcase>
  <testcase name="navigateUploadedKBManagement" classname="com.qa.nal.SearchTests" time="5.106">
    <system-out><![CDATA[13:50:58.611 [main] INFO  com.qa.nal.SearchTests - Sidebar hovered
13:51:00.717 [main] INFO  com.qa.nal.SearchTests - Uploaded KB Management Clicked
13:51:01.185 [main] INFO  com.qa.nal.SearchTests - Uploaded KB Management page loaded successfully
13:51:03.199 [main] INFO  i.q.commons.reporters.CoreReporter - Adding result: {"id":"7b3400bc-fa40-4a23-8dd4-05dbe64f94c3","title":"Navigate to Uploaded KB Management","signature":"com:qa:nal::searchtests.java::searchtests::navigateuploadedkbmanagement::11","testopsId":11,"execution":{"startTime":1751444458101,"status":"PASSED","endTime":1751444463199,"duration":5098},"fields":{},"attachments":[],"steps":[],"params":{},"paramGroups":[],"relations":{"suite":{"data":[{"title":"com.qa.nal.SearchTests","publicId":0}]}},"muted":false,"ignore":false}
]]></system-out>
  </testcase>
  <testcase name="manageKb" classname="com.qa.nal.SearchTests" time="22.247">
    <system-out><![CDATA[13:51:06.316 [main] INFO  com.qa.nal.SearchTests - Clicked eye icon.
13:51:06.439 [main] INFO  com.qa.nal.SearchTests - Clicked File Preview.
13:51:10.045 [main] INFO  com.qa.nal.SearchTests - Clicked File Tags.
13:51:21.068 [main] INFO  com.qa.nal.SearchTests - Add New Tags button not found!
13:51:21.068 [main] INFO  com.qa.nal.SearchTests - No Data found for Tags.
13:51:21.196 [main] INFO  com.qa.nal.SearchTests - Clicked Transaction Logs.
13:51:22.319 [main] INFO  com.qa.nal.SearchTests - Clicked eye icon on Transaction Logs.
13:51:23.420 [main] INFO  com.qa.nal.SearchTests - Clicked Back button.
13:51:24.439 [main] INFO  com.qa.nal.SearchTests - Transaction Logs loaded successfully.
13:51:25.452 [main] INFO  i.q.commons.reporters.CoreReporter - Adding result: {"id":"0ba4faa2-bb44-4a1b-a8d5-8fd8aa762931","title":"Manage KB","signature":"com:qa:nal::searchtests.java::searchtests::managekb::12","testopsId":12,"execution":{"startTime":1751444463208,"status":"PASSED","endTime":1751444485452,"duration":22244},"fields":{},"attachments":[],"steps":[],"params":{},"paramGroups":[],"relations":{"suite":{"data":[{"title":"com.qa.nal.SearchTests","publicId":0}]}},"muted":false,"ignore":false}
]]></system-out>
  </testcase>
</testsuite>